<?xml version="1.0" encoding="UTF-8"?>
<!-- Generated by org.testng.reporters.JUnitReportReporter -->
<testsuite hostname="xcee-danamma" name="com.XIPL.SuiteOne.EP_R10" tests="2" failures="0" timestamp="26 Sep 2016 09:51:05 GMT" time="22.151" errors="0">
  <testcase name="SuiteOneCaseTwoTest" time="14.659" classname="com.XIPL.SuiteOne.EP_R10"/>
  <testcase name="SuiteOneCaseTwoTest" time="7.492" classname="com.XIPL.SuiteOne.EP_R10"/>
</testsuite> <!-- com.XIPL.SuiteOne.EP_R10 -->
