<?xml version="1.0" encoding="UTF-8"?>
<!-- Generated by org.testng.reporters.JUnitReportReporter -->
<testsuite hostname="xidp-ind-apt061" name="com.XIPL.SuiteOne.TC019" tests="1" failures="0" timestamp="14 Nov 2017 09:12:01 GMT" time="36.429" errors="0">
  <testcase name="SuiteOneCaseTwoTest" time="36.429" classname="com.XIPL.SuiteOne.TC019"/>
</testsuite> <!-- com.XIPL.SuiteOne.TC019 -->
