<?xml version="1.0" encoding="UTF-8"?>
<!-- Generated by org.testng.reporters.JUnitReportReporter -->
<testsuite hostname="xidp-ind-apt061" name="com.XIPL.SuiteOne.TC021" tests="1" failures="0" timestamp="14 Nov 2017 09:19:11 GMT" time="24.766" errors="0">
  <testcase name="SuiteOneCaseTwoTest" time="24.766" classname="com.XIPL.SuiteOne.TC021"/>
</testsuite> <!-- com.XIPL.SuiteOne.TC021 -->
