<?xml version="1.0" encoding="UTF-8"?>
<!-- Generated by org.testng.reporters.JUnitReportReporter -->
<testsuite hostname="xcee-danamma" name="com.XIPL.SuiteOne.HealthCare" tests="1" failures="0" timestamp="23 Sep 2016 06:43:51 GMT" time="95.343" errors="0">
  <testcase name="SuiteOneCaseOneTest" time="95.343" classname="com.XIPL.SuiteOne.HealthCare"/>
</testsuite> <!-- com.XIPL.SuiteOne.HealthCare -->
