<?xml version="1.0" encoding="UTF-8"?>
<!-- Generated by org.testng.reporters.JUnitReportReporter -->
<testsuite hostname="XILP-IND-3152" name="SuiteOne.TC006" tests="2" failures="0" timestamp="9 Jul 2018 12:37:48 GMT" time="190.714" errors="0">
  <testcase name="SuiteOneCaseTwoTest" time="102.528" classname="SuiteOne.TC006"/>
  <testcase name="SuiteOneCaseTwoTest" time="88.186" classname="SuiteOne.TC006"/>
</testsuite> <!-- SuiteOne.TC006 -->
