<?xml version="1.0" encoding="UTF-8"?>
<!-- Generated by org.testng.reporters.JUnitReportReporter -->
<testsuite hostname="xidp-ind-apt61" name="com.XIPL.SuiteOne.TC001" tests="1" failures="0" timestamp="21 Jun 2018 09:43:37 GMT" time="29.814" errors="0">
  <testcase name="SuiteOneCaseTwoTest" time="29.814" classname="com.XIPL.SuiteOne.TC001"/>
</testsuite> <!-- com.XIPL.SuiteOne.TC001 -->
