<?xml version="1.0" encoding="UTF-8"?>
<!-- Generated by org.testng.reporters.JUnitReportReporter -->
<testsuite hostname="xidp-ind-apt61" name="com.XIPL.SuiteOne.TC005" tests="1" failures="0" timestamp="18 May 2018 10:31:49 GMT" time="48.304" errors="0">
  <testcase name="SuiteOneCaseTwoTest" time="48.304" classname="com.XIPL.SuiteOne.TC005"/>
</testsuite> <!-- com.XIPL.SuiteOne.TC005 -->
