<?xml version="1.0" encoding="UTF-8"?>
<!-- Generated by org.testng.reporters.JUnitReportReporter -->
<testsuite hostname="xidp-ind-apt047" name="com.XIPL.SuiteOne.TC051" tests="2" failures="0" timestamp="29 Jun 2017 10:47:36 GMT" time="227.832" errors="0">
  <testcase name="SuiteOneCaseTwoTest" time="153.546" classname="com.XIPL.SuiteOne.TC051"/>
  <testcase name="SuiteOneCaseTwoTest" time="74.286" classname="com.XIPL.SuiteOne.TC051"/>
</testsuite> <!-- com.XIPL.SuiteOne.TC051 -->
