<?xml version="1.0" encoding="UTF-8"?>
<!-- Generated by org.testng.reporters.JUnitReportReporter -->
<testsuite hostname="xidp-ind-apt061" name="com.XIPL.SuiteTwo.TC025" tests="2" failures="0" timestamp="15 Nov 2017 11:36:28 GMT" time="86.288" errors="0">
  <testcase name="SuiteOneCaseTwoTest" time="42.687" classname="com.XIPL.SuiteTwo.TC025"/>
  <testcase name="SuiteOneCaseTwoTest" time="43.601" classname="com.XIPL.SuiteTwo.TC025"/>
</testsuite> <!-- com.XIPL.SuiteTwo.TC025 -->
