<?xml version="1.0" encoding="UTF-8"?>
<!-- Generated by org.testng.reporters.JUnitReportReporter -->
<testsuite hostname="xidp-ind-apt061" name="com.XIPL.SuiteOne.TC002" tests="2" failures="0" timestamp="7 Nov 2017 07:14:27 GMT" time="115.483" errors="0">
  <testcase name="SuiteOneCaseTwoTest" time="51.422" classname="com.XIPL.SuiteOne.TC002"/>
  <testcase name="SuiteOneCaseTwoTest" time="64.061" classname="com.XIPL.SuiteOne.TC002"/>
</testsuite> <!-- com.XIPL.SuiteOne.TC002 -->
