<?xml version="1.0" encoding="UTF-8"?>
<!-- Generated by org.testng.reporters.JUnitReportReporter -->
<testsuite hostname="xidp-ind-apt61" name="com.XIPL.SuiteOne.TC006" tests="1" failures="0" timestamp="21 May 2018 13:03:37 GMT" time="53.100" errors="0">
  <testcase name="SuiteOneCaseTwoTest" time="53.100" classname="com.XIPL.SuiteOne.TC006"/>
</testsuite> <!-- com.XIPL.SuiteOne.TC006 -->
