<?xml version="1.0" encoding="UTF-8"?>
<!-- Generated by org.testng.reporters.JUnitReportReporter -->
<testsuite hostname="XILP-IND-3152" name="SuiteOne.TC005" tests="3" failures="0" timestamp="23 Aug 2018 13:01:54 GMT" time="354.952" errors="0">
  <testcase name="SuiteOneCaseTwoTest" time="119.798" classname="SuiteOne.TC005"/>
  <testcase name="SuiteOneCaseTwoTest" time="116.501" classname="SuiteOne.TC005"/>
  <testcase name="SuiteOneCaseTwoTest" time="118.653" classname="SuiteOne.TC005"/>
</testsuite> <!-- SuiteOne.TC005 -->
