<?xml version="1.0" encoding="UTF-8"?>
<!-- Generated by org.testng.reporters.JUnitReportReporter -->
<testsuite hostname="xidp-ind-apt061" name="com.XIPL.SuiteTwo.TC024" tests="2" failures="0" timestamp="14 Nov 2017 10:56:16 GMT" time="114.197" errors="0">
  <testcase name="SuiteOneCaseTwoTest" time="60.338" classname="com.XIPL.SuiteTwo.TC024"/>
  <testcase name="SuiteOneCaseTwoTest" time="53.859" classname="com.XIPL.SuiteTwo.TC024"/>
</testsuite> <!-- com.XIPL.SuiteTwo.TC024 -->
