<?xml version="1.0" encoding="UTF-8"?>
<!-- Generated by org.testng.reporters.JUnitReportReporter -->
<testsuite hostname="xidp-ind-apt061" name="com.XIPL.SuiteTwo.TC022" tests="1" failures="0" timestamp="14 Nov 2017 09:41:34 GMT" time="17.894" errors="0">
  <testcase name="SuiteTwoCaseOneTest" time="17.894" classname="com.XIPL.SuiteTwo.TC022"/>
</testsuite> <!-- com.XIPL.SuiteTwo.TC022 -->
