<?xml version="1.0" encoding="UTF-8"?>
<!-- Generated by org.testng.reporters.JUnitReportReporter -->
<testsuite hostname="xipll6320" name="com.XIPL.SuiteOne.EP_R8" tests="2" failures="0" timestamp="12 Dec 2016 07:35:57 GMT" time="0.075" errors="0">
  <testcase name="SuiteOneCaseTwoTest" time="0.057" classname="com.XIPL.SuiteOne.EP_R8"/>
  <testcase name="SuiteOneCaseTwoTest" time="0.018" classname="com.XIPL.SuiteOne.EP_R8"/>
</testsuite> <!-- com.XIPL.SuiteOne.EP_R8 -->
