<?xml version="1.0" encoding="UTF-8"?>
<!-- Generated by org.testng.reporters.JUnitReportReporter -->
<testsuite hostname="xidp-ind-apt61" name="com.XIPL.SuiteOne.TC016" tests="1" failures="0" timestamp="4 Jun 2018 10:43:31 GMT" time="58.088" errors="0">
  <testcase name="SuiteOneCaseTwoTest" time="58.088" classname="com.XIPL.SuiteOne.TC016"/>
</testsuite> <!-- com.XIPL.SuiteOne.TC016 -->
