<?xml version="1.0" encoding="UTF-8"?>
<!-- Generated by org.testng.reporters.JUnitReportReporter -->
<testsuite hostname="xidp-ind-apt61" name="com.XIPL.SuiteOne.TC004" tests="1" failures="0" timestamp="18 May 2018 08:16:13 GMT" time="25.454" errors="0">
  <testcase name="SuiteOneCaseTwoTest" time="25.454" classname="com.XIPL.SuiteOne.TC004"/>
</testsuite> <!-- com.XIPL.SuiteOne.TC004 -->
