<?xml version="1.0" encoding="UTF-8"?>
<!-- Generated by org.testng.reporters.JUnitReportReporter -->
<testsuite hostname="xidp-ind-apt61" name="com.XIPL.SuiteOne.TC009" tests="1" failures="0" timestamp="31 May 2018 12:55:28 GMT" time="91.337" errors="0">
  <testcase name="SuiteOneCaseTwoTest" time="91.337" classname="com.XIPL.SuiteOne.TC009"/>
</testsuite> <!-- com.XIPL.SuiteOne.TC009 -->
