<?xml version="1.0" encoding="UTF-8"?>
<!-- Generated by org.testng.reporters.JUnitReportReporter -->
<testsuite hostname="XILP-IND-3152" name="SuiteOne.TC034_S1" tests="1" failures="0" timestamp="2 Jul 2018 18:28:54 GMT" time="71.199" errors="0">
  <testcase name="SuiteOneCaseTwoTest" time="71.199" classname="SuiteOne.TC034_S1"/>
</testsuite> <!-- SuiteOne.TC034_S1 -->
