<?xml version="1.0" encoding="UTF-8"?>
<!-- Generated by org.testng.reporters.JUnitReportReporter -->
<testsuite hostname="xcee-danamma" name="com.XIPL.SuiteOne.Casualty" tests="1" failures="0" timestamp="17 Sep 2016 06:09:49 GMT" time="737.965" errors="0">
  <testcase name="SuiteOneCaseOneTest" time="737.965" classname="com.XIPL.SuiteOne.Casualty"/>
</testsuite> <!-- com.XIPL.SuiteOne.Casualty -->
