<?xml version="1.0" encoding="UTF-8"?>
<!-- Generated by org.testng.reporters.JUnitReportReporter -->
<testsuite hostname="xidp-ind-apt61" name="com.XIPL.SuiteOne.StartUpScript" tests="1" failures="0" timestamp="17 May 2018 09:33:04 GMT" time="13.617" errors="0">
  <testcase name="startup" time="13.617" classname="com.XIPL.SuiteOne.StartUpScript"/>
</testsuite> <!-- com.XIPL.SuiteOne.StartUpScript -->
