<?xml version="1.0" encoding="UTF-8"?>
<!-- Generated by org.testng.reporters.JUnitReportReporter -->
<testsuite hostname="xcee-danamma" name="com.XIPL.SuiteOne.EP" tests="1" failures="0" timestamp="21 Sep 2016 10:39:22 GMT" time="774.620" errors="0">
  <testcase name="SuiteOneCaseTwoTest" time="774.620" classname="com.XIPL.SuiteOne.EP"/>
</testsuite> <!-- com.XIPL.SuiteOne.EP -->
