<?xml version="1.0" encoding="UTF-8"?>
<!-- Generated by org.testng.reporters.JUnitReportReporter -->
<testsuite hostname="XILP-IND-3152" name="SuiteOne.TC002" tests="6" failures="0" timestamp="24 Aug 2018 07:57:23 GMT" time="344.466" errors="0">
  <testcase name="SuiteOneCaseTwoTest" time="58.913" classname="SuiteOne.TC002"/>
  <testcase name="SuiteOneCaseTwoTest" time="57.806" classname="SuiteOne.TC002"/>
  <testcase name="SuiteOneCaseTwoTest" time="51.797" classname="SuiteOne.TC002"/>
  <testcase name="SuiteOneCaseTwoTest" time="59.100" classname="SuiteOne.TC002"/>
  <testcase name="SuiteOneCaseTwoTest" time="57.269" classname="SuiteOne.TC002"/>
  <testcase name="SuiteOneCaseTwoTest" time="59.581" classname="SuiteOne.TC002"/>
</testsuite> <!-- SuiteOne.TC002 -->
