<?xml version="1.0" encoding="UTF-8"?>
<!-- Generated by org.testng.reporters.JUnitReportReporter -->
<testsuite hostname="xcee-danamma" name="com.XIPL.SuiteOne.Property" tests="1" failures="0" timestamp="19 Sep 2016 08:32:15 GMT" time="879.857" errors="0">
  <testcase name="SuiteOneCaseOneTest" time="879.857" classname="com.XIPL.SuiteOne.Property"/>
</testsuite> <!-- com.XIPL.SuiteOne.Property -->
