<?xml version="1.0" encoding="UTF-8"?>
<!-- Generated by org.testng.reporters.JUnitReportReporter -->
<testsuite hostname="XILP-IND-3152" name="com.XIPL.SuiteOne.TC007" tests="1" failures="0" timestamp="26 Jun 2018 07:04:06 GMT" time="47.731" errors="0">
  <testcase name="SuiteOneCaseTwoTest" time="47.731" classname="com.XIPL.SuiteOne.TC007"/>
</testsuite> <!-- com.XIPL.SuiteOne.TC007 -->
